SF:lib\networking\error_handling.dart
DA:10,2
DA:11,2
DA:12,4
DA:14,2
DA:19,2
DA:20,2
DA:21,2
DA:22,1
DA:23,1
DA:24,0
DA:25,1
DA:26,0
DA:27,1
DA:28,0
DA:29,0
DA:31,0
DA:33,1
DA:34,0
DA:36,1
DA:58,2
DA:60,2
DA:61,1
DA:62,2
DA:63,0
DA:64,2
DA:65,0
DA:66,2
DA:67,0
DA:68,2
DA:69,0
DA:70,2
DA:71,0
DA:72,2
DA:73,0
DA:75,2
DA:76,1
DA:78,2
DA:79,0
DA:80,2
DA:81,0
DA:83,2
DA:84,0
DA:85,2
DA:86,0
DA:87,2
DA:88,1
DA:90,1
DA:91,1
LF:48
LH:32
end_of_record
SF:lib\networking\failure.dart
DA:5,2
LF:1
LH:1
end_of_record
SF:lib\common\widgets\toast_message_impl.dart
DA:9,1
DA:11,1
DA:12,1
LF:3
LH:3
end_of_record
SF:lib\data\adapters\analyzed_instructions_dio_hive_adapter.dart
DA:7,1
DA:9,1
DA:10,2
DA:14,1
DA:16,1
DA:18,0
DA:19,0
DA:20,0
LF:8
LH:5
end_of_record
SF:lib\data\adapters\steps_dio_hive_adapter.dart
DA:6,1
DA:7,1
DA:8,1
DA:9,1
DA:13,1
DA:14,0
DA:16,1
DA:17,2
DA:18,2
LF:9
LH:8
end_of_record
SF:lib\database\models\analyzed_instructions_table.dart
DA:10,1
LF:1
LH:1
end_of_record
SF:lib\models\analyzed_instructions.dart
DA:6,8
DA:10,1
DA:11,5
DA:12,1
DA:15,0
DA:16,0
DA:17,0
LF:7
LH:4
end_of_record
SF:lib\data\adapters\recipes_dio_hive_adapter.dart
DA:8,1
DA:9,1
DA:10,1
DA:11,1
DA:12,1
DA:13,1
DA:14,1
DA:15,1
DA:16,1
DA:17,1
DA:18,1
DA:19,1
DA:20,1
DA:21,1
DA:22,1
DA:23,1
DA:24,2
DA:25,1
DA:29,0
DA:30,0
LF:20
LH:18
end_of_record
SF:lib\database\models\recipe_table.dart
DA:41,2
LF:1
LH:1
end_of_record
SF:lib\models\recipe_item.dart
DA:26,8
DA:46,1
DA:47,1
DA:48,4
DA:50,1
DA:51,1
DA:52,1
DA:53,1
DA:54,1
DA:55,1
DA:56,1
DA:57,1
DA:58,1
DA:59,1
DA:60,1
DA:61,1
DA:62,1
DA:63,1
DA:65,1
DA:66,1
DA:70,1
DA:71,1
DA:72,1
DA:73,1
DA:74,1
DA:75,1
DA:76,1
DA:77,1
DA:78,1
DA:79,1
DA:80,1
DA:81,1
DA:82,1
DA:83,1
DA:84,1
DA:85,1
DA:86,1
DA:87,1
DA:93,2
DA:96,2
DA:97,6
DA:98,6
DA:99,6
DA:100,6
DA:101,6
DA:102,6
DA:103,6
DA:104,6
DA:105,6
DA:106,6
DA:107,6
DA:108,6
DA:109,6
DA:110,6
DA:111,6
DA:112,6
DA:113,6
DA:115,0
DA:117,0
DA:118,0
DA:119,0
DA:120,0
DA:121,0
DA:122,0
DA:123,0
DA:124,0
DA:125,0
DA:126,0
DA:127,0
DA:128,0
DA:129,0
DA:130,0
DA:131,0
DA:132,0
LF:74
LH:57
end_of_record
SF:lib\database\models\step_table.dart
DA:12,1
LF:1
LH:1
end_of_record
SF:lib\models\step.dart
DA:7,8
DA:13,1
DA:16,1
DA:17,1
DA:18,1
DA:22,1
DA:23,1
DA:24,1
DA:25,1
DA:30,1
DA:32,1
DA:33,1
DA:34,1
LF:13
LH:13
end_of_record
SF:lib\data\repository\latest_recipe_impl.dart
DA:13,0
DA:16,0
DA:17,0
DA:18,0
DA:19,0
DA:27,0
LF:6
LH:0
end_of_record
SF:lib\data\repository\recipes_by_id_impl.dart
DA:20,0
DA:22,0
DA:25,0
DA:26,0
DA:27,0
DA:28,0
DA:29,0
DA:30,0
DA:35,0
DA:36,0
DA:37,0
DA:38,0
DA:39,0
DA:40,0
DA:42,0
DA:43,0
DA:44,0
DA:47,0
DA:48,0
LF:19
LH:0
end_of_record
SF:lib\models\recipes.dart
DA:6,8
DA:8,0
DA:9,0
DA:10,0
DA:11,0
DA:14,1
DA:15,1
DA:16,5
LF:8
LH:4
end_of_record
SF:lib\data\repository\recipes_impl.dart
DA:13,1
DA:15,1
DA:18,2
DA:19,0
DA:20,1
DA:21,3
LF:6
LH:5
end_of_record
SF:lib\di\di.dart
DA:24,15
DA:25,5
DA:27,20
DA:29,30
DA:30,15
DA:31,12
DA:34,14
DA:37,10
DA:38,10
DA:40,10
DA:41,10
DA:42,10
DA:47,10
DA:48,10
DA:49,10
DA:50,10
DA:51,10
DA:52,10
DA:54,5
LF:19
LH:19
end_of_record
SF:lib\domain\use_cases\get_latest_recipe_use_case.dart
DA:11,0
DA:13,0
DA:15,0
LF:3
LH:0
end_of_record
SF:lib\domain\use_cases\get_recipe_by_id_use_case.dart
DA:12,0
DA:14,0
DA:16,0
LF:3
LH:0
end_of_record
SF:lib\domain\use_cases\get_recipes_use_case.dart
DA:11,1
DA:13,1
DA:15,2
LF:3
LH:3
end_of_record
SF:lib\networking\dio_client.dart
DA:10,5
DA:11,5
DA:12,15
DA:13,5
DA:14,5
DA:15,5
DA:17,5
DA:24,5
DA:27,15
DA:29,5
DA:37,10
LF:11
LH:11
end_of_record
SF:lib\di\hive_di.dart
DA:9,0
DA:10,0
DA:11,0
DA:12,0
DA:13,0
DA:14,0
DA:15,0
LF:7
LH:0
end_of_record
SF:lib\mocks\mock_recipes.dart
DA:10,21
DA:11,7
DA:18,7
DA:19,7
DA:20,14
DA:23,7
DA:30,7
DA:31,21
DA:36,3
DA:37,1
DA:45,1
DA:55,3
DA:56,1
DA:64,1
DA:73,24
DA:75,8
DA:77,6
DA:78,2
DA:79,2
DA:90,3
DA:97,1
DA:98,1
DA:99,1
DA:100,1
DA:107,0
DA:108,0
DA:109,0
DA:110,0
DA:111,0
DA:116,2
DA:117,1
LF:31
LH:26
end_of_record
SF:lib\networking\error_interceptor.dart
DA:9,5
DA:10,1
DA:13,1
DA:14,0
DA:15,0
DA:16,0
DA:18,1
DA:19,2
DA:20,3
DA:23,1
LF:10
LH:7
end_of_record
SF:lib\presentation\screens\intro_screen.dart
DA:13,0
DA:16,1
DA:18,1
DA:20,1
DA:21,1
DA:28,1
DA:29,1
DA:30,1
DA:32,1
DA:33,1
DA:34,1
DA:35,1
DA:36,1
DA:37,1
DA:40,1
DA:45,3
DA:47,1
DA:49,1
DA:52,3
DA:58,1
DA:60,1
DA:62,1
DA:63,1
DA:64,1
LF:24
LH:23
end_of_record
SF:lib\presentation\notifiers\latest_recipe_notifier.dart
DA:11,2
DA:13,4
DA:17,2
DA:19,2
DA:20,2
DA:21,2
DA:24,2
DA:25,2
DA:27,4
DA:28,2
DA:29,0
DA:30,0
DA:32,2
DA:33,2
DA:34,2
DA:35,2
LF:16
LH:14
end_of_record
SF:lib\presentation\notifiers\recipe_by_id_notifier.dart
DA:10,2
DA:12,4
DA:16,4
DA:18,2
DA:19,2
DA:20,2
DA:23,2
DA:24,2
DA:25,2
DA:26,4
DA:27,2
DA:28,0
DA:29,0
DA:31,2
DA:32,2
DA:33,2
DA:34,2
LF:17
LH:15
end_of_record
SF:lib\presentation\notifiers\recipes_notifier.dart
DA:15,3
DA:17,6
DA:21,6
DA:23,3
DA:24,3
DA:25,3
DA:28,3
DA:29,3
DA:31,6
DA:32,3
DA:33,1
DA:34,1
DA:36,2
DA:37,2
DA:38,2
DA:39,2
LF:16
LH:16
end_of_record
SF:lib\presentation\providers\provider.dart
DA:15,4
DA:19,3
DA:20,4
DA:21,0
DA:22,0
DA:25,6
DA:26,7
DA:28,3
DA:29,0
DA:31,3
DA:32,0
LF:11
LH:7
end_of_record
SF:lib\presentation\screens\common\row_recipe_extra_info.dart
DA:5,2
DA:12,2
DA:14,2
DA:15,2
DA:16,2
DA:17,2
DA:18,2
DA:19,2
DA:20,2
DA:22,2
DA:23,6
DA:24,2
DA:28,2
DA:29,2
DA:30,2
DA:31,2
DA:32,2
DA:33,2
DA:35,2
DA:36,12
DA:37,2
LF:21
LH:21
end_of_record
SF:lib\presentation\screens\detail_recipe_screen.dart
DA:9,1
DA:14,1
DA:15,1
DA:21,1
DA:23,1
DA:24,1
DA:25,7
DA:31,1
DA:33,1
DA:34,4
DA:35,1
DA:36,1
DA:37,2
DA:38,1
DA:39,2
DA:40,3
DA:41,1
DA:46,1
DA:48,2
DA:49,1
DA:50,1
DA:51,2
DA:52,1
DA:53,2
DA:54,1
DA:55,1
DA:62,2
DA:63,1
DA:64,3
DA:65,3
DA:66,2
DA:67,1
DA:68,1
DA:69,6
DA:70,2
DA:71,1
DA:72,1
DA:74,1
DA:76,1
DA:77,1
DA:78,1
DA:80,1
DA:82,1
DA:83,1
DA:84,1
DA:86,1
DA:87,4
DA:89,1
DA:92,1
DA:93,1
DA:94,1
DA:95,1
DA:96,1
DA:97,3
DA:98,1
LF:55
LH:55
end_of_record
SF:lib\presentation\screens\home\home_screen.dart
DA:12,2
DA:14,1
DA:16,2
DA:17,1
DA:21,1
DA:22,1
DA:26,0
DA:28,0
DA:29,0
DA:40,1
LF:10
LH:7
end_of_record
SF:lib\presentation\screens\home\inspirations_screen\inspirations_screen.dart
DA:12,14
DA:14,2
DA:15,2
DA:19,2
DA:21,2
DA:22,2
DA:23,10
DA:27,2
DA:29,2
DA:30,2
DA:32,2
DA:34,2
DA:35,6
DA:37,2
DA:38,2
DA:40,2
DA:44,4
DA:45,4
DA:47,4
DA:49,2
DA:54,2
DA:55,2
DA:56,2
DA:57,2
DA:58,2
DA:59,4
DA:60,4
DA:61,2
DA:62,2
DA:65,2
DA:67,2
DA:69,0
DA:70,2
LF:33
LH:32
end_of_record
SF:lib\presentation\screens\home\latest_screen\latest_screen.dart
DA:10,14
DA:12,1
DA:13,1
DA:17,1
DA:19,1
DA:20,1
DA:21,5
DA:25,1
DA:27,3
DA:28,2
DA:29,1
DA:31,3
DA:32,1
DA:33,1
DA:35,1
DA:37,0
DA:39,0
DA:40,0
DA:45,0
DA:46,0
DA:47,0
DA:51,0
DA:52,0
DA:58,0
DA:59,0
DA:60,0
DA:61,0
DA:63,0
LF:28
LH:15
end_of_record
SF:lib\presentation\screens\home\inspirations_screen\widgets\browse_recipes.dart
DA:7,2
DA:9,2
DA:11,9
LF:3
LH:3
end_of_record
SF:lib\presentation\screens\home\inspirations_screen\widgets\recipes_list_widgets.dart
DA:11,2
DA:14,2
DA:16,2
DA:18,2
DA:20,2
DA:21,9
DA:22,2
DA:24,2
DA:25,2
DA:26,2
DA:31,2
DA:49,2
DA:51,2
DA:52,8
DA:53,2
DA:54,2
DA:56,2
DA:58,2
DA:59,10
DA:60,4
DA:61,8
DA:65,2
DA:68,2
DA:69,2
DA:70,4
DA:71,2
DA:72,2
DA:73,2
DA:74,2
DA:82,2
LF:30
LH:30
end_of_record
SF:lib\presentation\screens\home\inspirations_screen\widgets\browse_recipe_iten.dart
DA:11,1
DA:18,1
DA:20,1
DA:21,4
DA:22,1
DA:23,0
DA:24,0
DA:26,0
DA:29,1
DA:31,1
DA:33,1
DA:34,1
DA:36,1
DA:37,4
DA:39,3
DA:40,1
DA:41,3
DA:44,1
DA:47,1
DA:49,1
DA:51,1
DA:53,2
DA:54,2
DA:55,1
DA:56,3
DA:57,1
DA:58,2
DA:64,1
DA:65,3
DA:67,3
DA:68,1
DA:70,3
DA:73,3
DA:74,1
DA:75,2
LF:35
LH:32
end_of_record
SF:lib\presentation\screens\home\inspirations_screen\widgets\first_grid_item.dart
DA:11,1
DA:18,1
DA:20,1
DA:21,4
DA:22,1
DA:23,0
DA:24,0
DA:26,0
DA:27,0
DA:28,0
DA:31,1
DA:33,1
DA:35,1
DA:37,1
DA:39,1
DA:40,1
DA:42,1
DA:43,1
DA:44,3
DA:45,1
DA:46,1
DA:47,1
DA:48,1
DA:49,1
DA:55,1
DA:58,3
DA:60,3
DA:61,1
DA:64,2
DA:65,1
DA:66,1
DA:67,2
DA:68,1
DA:69,3
DA:70,1
DA:71,2
LF:36
LH:31
end_of_record
SF:lib\presentation\screens\home\latest_screen\widgets\latest_recite_item_widget.dart
DA:10,1
DA:17,1
DA:19,1
DA:20,0
DA:21,0
DA:23,0
DA:26,1
DA:28,1
DA:30,1
DA:32,1
DA:33,1
DA:34,2
DA:35,1
DA:36,3
DA:37,1
DA:38,1
DA:39,2
DA:43,1
DA:44,3
DA:47,3
DA:48,3
DA:51,3
DA:52,1
DA:53,2
LF:24
LH:21
end_of_record